[2018-05-16 21:03:30] START
[2018-05-16 21:05:14] CREATE prueba.py: 0
[2018-05-16 21:05:40] EDIT for_sale/controllers/prueba.py: 1
[2018-05-16 21:06:51] CREATE prueba/comienzo.html: 0
[2018-05-16 21:07:39] DELETE for_sale/views/prueba/comienzo.html: -3
[2018-05-16 21:10:57] CREATE prueba/comienzo.html: 0
[2018-05-16 21:33:01] CREATE lista.py: 0
[2018-05-16 21:33:44] EDIT for_sale/controllers/lista.py: 1
[2018-05-16 21:33:44] EDIT for_sale/controllers/lista.py: 0
[2018-05-16 21:42:45] CREATE lista/list_medicamentos.html: 0
[2018-05-22 18:54:37] EDIT for_sale/views/prueba/comienzo.html: 13
[2018-05-22 18:56:46] EDIT for_sale/views/prueba/comienzo.html: 0
[2018-05-22 18:58:27] EDIT for_sale/views/prueba/comienzo.html: 0
[2018-05-22 19:00:38] EDIT for_sale/controllers/prueba.py: 13
[2018-05-22 19:00:51] EDIT for_sale/controllers/prueba.py: -13
[2018-05-22 19:01:42] EDIT for_sale/views/prueba/comienzo.html: 0
[2018-05-22 19:03:15] EDIT for_sale/views/prueba/comienzo.html: -2
[2018-05-22 19:04:10] EDIT for_sale/views/prueba/comienzo.html: 2
[2018-05-22 19:05:02] EDIT for_sale/views/prueba/comienzo.html: 0
[2018-05-22 19:06:54] EDIT for_sale/views/prueba/comienzo.html: -1
[2018-05-22 19:07:07] EDIT for_sale/views/prueba/comienzo.html: 1
[2018-05-22 19:07:37] EDIT for_sale/views/prueba/comienzo.html: -3
[2018-05-22 19:07:51] EDIT for_sale/views/prueba/comienzo.html: 3
[2018-05-22 19:08:13] EDIT for_sale/views/prueba/comienzo.html: 0
[2018-05-22 19:08:41] EDIT for_sale/views/prueba/comienzo.html: 0
[2018-05-22 19:08:57] EDIT for_sale/views/prueba/comienzo.html: 0
[2018-05-22 19:10:00] EDIT for_sale/views/prueba/comienzo.html: 0
[2018-05-22 19:10:17] EDIT for_sale/views/prueba/comienzo.html: 0
[2018-05-22 19:11:19] EDIT for_sale/views/prueba/comienzo.html: 8
[2018-05-22 19:11:51] EDIT for_sale/views/prueba/comienzo.html: 8
[2018-05-22 19:12:37] EDIT for_sale/views/prueba/comienzo.html: 8
[2018-05-22 19:12:53] EDIT for_sale/views/prueba/comienzo.html: 0
[2018-05-22 19:13:10] EDIT for_sale/views/prueba/comienzo.html: 0
[2018-05-22 19:13:28] EDIT for_sale/views/prueba/comienzo.html: 0
[2018-05-22 19:14:23] EDIT for_sale/views/prueba/comienzo.html: 8
[2018-05-22 19:21:22] EDIT for_sale/views/prueba/comienzo.html: 5
[2018-05-22 19:22:12] EDIT for_sale/views/prueba/comienzo.html: 0
[2018-05-22 19:23:22] EDIT for_sale/views/prueba/comienzo.html: -4
[2018-05-22 19:24:02] EDIT for_sale/views/prueba/comienzo.html: 0
[2018-05-22 19:24:55] EDIT for_sale/views/prueba/comienzo.html: 0
[2018-05-22 19:29:12] EDIT for_sale/views/prueba/comienzo.html: 4
[2018-05-22 19:30:10] EDIT for_sale/views/prueba/comienzo.html: 0
[2018-05-22 19:31:03] EDIT for_sale/views/prueba/comienzo.html: 0
[2018-05-23 21:20:34] EDIT for_sale/views/default/index.html: -1
[2018-05-23 21:21:49] EDIT for_sale/views/default/index.html: 1
[2018-05-23 21:29:55] CREATE lista2.py: 0
[2018-05-23 21:35:01] EDIT for_sale/controllers/lista2.py: 1
[2018-05-23 21:35:35] CREATE lista2/laboratorio.html: 0
[2018-05-23 21:39:30] EDIT for_sale/views/lista2/laboratorio.html: 17
[2018-05-23 21:40:16] EDIT for_sale/views/lista2/laboratorio.html: 0
[2018-05-23 21:40:39] EDIT for_sale/views/lista2/laboratorio.html: 0
[2018-05-23 21:41:25] EDIT for_sale/views/lista2/laboratorio.html: 0
[2018-05-23 21:43:02] EDIT for_sale/views/lista2/laboratorio.html: 0
[2018-05-23 21:43:41] EDIT for_sale/views/lista2/laboratorio.html: 0
[2018-05-23 21:43:57] EDIT for_sale/views/lista2/laboratorio.html: 0
[2018-05-23 21:44:14] EDIT for_sale/views/lista2/laboratorio.html: 0
[2018-05-23 21:44:33] EDIT for_sale/views/lista2/laboratorio.html: 0
[2018-05-23 21:45:07] EDIT for_sale/views/lista2/laboratorio.html: 0
[2018-05-23 21:45:31] EDIT for_sale/views/lista2/laboratorio.html: 0
[2018-05-23 21:47:50] EDIT for_sale/views/lista2/laboratorio.html: 1
[2018-05-23 21:51:46] EDIT for_sale/views/lista2/laboratorio.html: 7
[2018-05-23 21:52:59] EDIT for_sale/views/lista2/laboratorio.html: 0
[2018-05-23 21:53:27] EDIT for_sale/views/lista2/laboratorio.html: 1
[2018-05-23 21:54:16] EDIT for_sale/views/lista2/laboratorio.html: 6
[2018-05-23 21:55:28] EDIT for_sale/views/lista2/laboratorio.html: -1
[2018-05-23 21:56:17] EDIT for_sale/views/lista2/laboratorio.html: 0
[2018-05-27 22:57:55] EDIT for_sale/views/lista2/laboratorio.html: -7
[2018-05-27 22:59:04] EDIT for_sale/views/lista2/laboratorio.html: -1
[2018-05-27 23:00:07] EDIT for_sale/views/lista2/laboratorio.html: 5
[2018-05-27 23:01:16] EDIT for_sale/views/lista2/laboratorio.html: -5
[2018-05-27 23:02:42] EDIT for_sale/views/lista2/laboratorio.html: 1
[2018-05-27 23:21:41] EDIT for_sale/views/lista2/laboratorio.html: 0
[2018-05-27 23:23:18] EDIT for_sale/views/lista2/laboratorio.html: -1
[2018-05-27 23:27:53] EDIT for_sale/views/lista2/laboratorio.html: -1
[2018-05-27 23:28:18] EDIT for_sale/views/lista2/laboratorio.html: 0
[2018-05-27 23:36:26] EDIT for_sale/views/lista2/laboratorio.html: 2
[2018-05-27 23:36:57] EDIT for_sale/views/lista2/laboratorio.html: -1
[2018-05-27 23:39:51] EDIT for_sale/views/lista2/laboratorio.html: 1
[2018-05-27 23:40:28] EDIT for_sale/views/lista2/laboratorio.html: 0
[2018-05-27 23:41:19] EDIT for_sale/views/lista2/laboratorio.html: 0
[2018-05-29 12:37:16] EDIT for_sale/views/lista2/laboratorio.html: -9
[2018-05-29 12:38:28] EDIT for_sale/views/lista2/laboratorio.html: 8
[2018-05-29 12:39:17] EDIT for_sale/views/lista2/laboratorio.html: 1
[2018-05-29 12:41:08] EDIT for_sale/views/lista2/laboratorio.html: 0
[2018-05-29 12:41:42] EDIT for_sale/views/lista2/laboratorio.html: 0
[2018-05-29 12:42:57] EDIT for_sale/views/lista2/laboratorio.html: 1
[2018-05-29 12:45:49] EDIT for_sale/views/lista2/laboratorio.html: 4
[2018-05-29 12:46:33] EDIT for_sale/views/lista2/laboratorio.html: 0
[2018-05-29 12:47:02] EDIT for_sale/views/lista2/laboratorio.html: 0
[2018-05-29 12:47:28] EDIT for_sale/views/lista2/laboratorio.html: 0
[2018-05-29 12:47:41] EDIT for_sale/views/lista2/laboratorio.html: 0
[2018-05-29 12:49:56] EDIT for_sale/views/lista2/laboratorio.html: 1
[2018-05-29 12:50:16] EDIT for_sale/views/lista2/laboratorio.html: 0
[2018-05-29 12:53:35] EDIT for_sale/views/lista2/laboratorio.html: 0
[2018-05-29 12:53:51] EDIT for_sale/views/lista2/laboratorio.html: 0
[2018-05-29 13:09:30] EDIT for_sale/views/lista2/laboratorio.html: 0
[2018-05-29 13:14:28] EDIT for_sale/views/lista/list_medicamentos.html: 40
[2018-05-29 13:20:45] EDIT for_sale/views/lista/list_medicamentos.html: 4
[2018-05-29 13:21:45] EDIT for_sale/views/lista/list_medicamentos.html: 8
[2018-05-29 13:22:22] EDIT for_sale/views/lista/list_medicamentos.html: 0
[2018-05-29 13:25:09] EDIT for_sale/views/lista/list_medicamentos.html: -41
[2018-05-29 13:26:57] EDIT for_sale/views/lista/list_medicamentos.html: 40
[2018-05-29 13:35:39] EDIT for_sale/views/lista/list_medicamentos.html: -4
[2018-05-29 13:36:00] EDIT for_sale/views/lista/list_medicamentos.html: 0
[2018-05-29 13:36:35] EDIT for_sale/views/lista/list_medicamentos.html: 0
[2018-05-29 13:38:17] EDIT for_sale/views/lista/list_medicamentos.html: 0
[2018-05-29 13:38:43] EDIT for_sale/views/lista/list_medicamentos.html: 1
[2018-05-29 13:39:00] EDIT for_sale/views/lista/list_medicamentos.html: 0
[2018-05-29 13:44:22] EDIT for_sale/views/lista/list_medicamentos.html: 0
[2018-05-29 13:53:46] EDIT for_sale/views/lista/list_medicamentos.html: 0
[2018-05-29 13:54:04] EDIT for_sale/views/lista/list_medicamentos.html: 0
[2018-05-29 13:54:33] EDIT for_sale/views/lista/list_medicamentos.html: 0
[2018-05-29 13:55:02] EDIT for_sale/views/lista/list_medicamentos.html: 0
[2018-05-29 13:56:54] EDIT for_sale/views/lista/list_medicamentos.html: 0
[2018-05-29 13:57:14] EDIT for_sale/views/lista/list_medicamentos.html: 0
[2018-05-29 13:58:11] EDIT for_sale/views/lista/list_medicamentos.html: 0
[2018-05-29 14:03:46] EDIT for_sale/views/lista/list_medicamentos.html: 0
[2018-05-29 14:07:05] EDIT for_sale/views/lista/list_medicamentos.html: 0
[2018-05-29 14:11:11] CREATE registro.py: 0
[2018-05-29 14:11:53] EDIT for_sale/controllers/registro.py: 1
[2018-05-29 14:13:35] EDIT for_sale/controllers/registro.py: 0
[2018-05-29 14:14:48] CREATE registro/clientes.html: 0
[2018-05-29 14:20:20] EDIT for_sale/views/registro/clientes.html: 45
[2018-05-29 14:21:02] EDIT for_sale/views/registro/clientes.html: 8
[2018-05-29 14:22:27] EDIT for_sale/views/registro/clientes.html: 9
[2018-05-29 14:26:33] EDIT for_sale/views/registro/clientes.html: 3
[2018-05-29 14:28:44] EDIT for_sale/views/registro/clientes.html: 0
[2018-05-29 14:29:32] EDIT for_sale/views/registro/clientes.html: 0
[2018-05-29 14:30:34] EDIT for_sale/views/registro/clientes.html: -4
[2018-05-29 14:31:21] EDIT for_sale/views/registro/clientes.html: 0
[2018-05-29 14:33:11] EDIT for_sale/views/registro/clientes.html: 8
[2018-05-29 14:34:18] EDIT for_sale/views/registro/clientes.html: 0
[2018-05-29 14:35:14] EDIT for_sale/views/registro/clientes.html: 0
[2018-05-29 14:36:41] EDIT for_sale/views/registro/clientes.html: 1
[2018-05-29 14:37:12] EDIT for_sale/views/registro/clientes.html: 0
[2018-05-29 14:37:35] EDIT for_sale/views/registro/clientes.html: 0
[2018-05-29 14:37:47] EDIT for_sale/views/registro/clientes.html: 0
[2018-05-29 14:38:04] EDIT for_sale/views/registro/clientes.html: 1
[2018-05-29 14:39:02] EDIT for_sale/views/registro/clientes.html: 7
[2018-05-29 14:40:14] EDIT for_sale/views/registro/clientes.html: 1
[2018-05-29 14:40:33] EDIT for_sale/views/registro/clientes.html: 1
[2018-05-29 14:44:24] EDIT for_sale/views/registro/clientes.html: 0
[2018-05-29 14:45:35] EDIT for_sale/views/registro/clientes.html: 1
[2018-05-29 14:46:01] EDIT for_sale/views/registro/clientes.html: 0
[2018-05-29 14:52:25] EDIT for_sale/views/lista/list_medicamentos.html: 9
[2018-05-29 14:53:04] EDIT for_sale/views/lista/list_medicamentos.html: 0
[2018-05-29 15:06:00] EDIT for_sale/views/lista/list_medicamentos.html: -14
[2018-05-29 15:09:27] EDIT for_sale/views/lista/list_medicamentos.html: 1
[2018-05-29 15:09:45] EDIT for_sale/views/lista/list_medicamentos.html: 1
[2018-05-29 15:10:13] EDIT for_sale/views/lista/list_medicamentos.html: 0
[2018-05-29 15:18:56] EDIT for_sale/views/lista/list_medicamentos.html: 1
[2018-05-29 15:19:10] EDIT for_sale/views/lista/list_medicamentos.html: -1
[2018-05-29 15:43:08] EDIT for_sale/views/lista/list_medicamentos.html: 0
[2018-05-29 15:46:34] EDIT for_sale/views/lista/list_medicamentos.html: 22
[2018-05-29 15:47:33] EDIT for_sale/views/lista/list_medicamentos.html: -22
[2018-05-29 15:52:33] EDIT for_sale/views/lista/list_medicamentos.html: 14
[2018-05-29 15:53:18] EDIT for_sale/views/lista/list_medicamentos.html: 0
[2018-05-29 15:54:25] EDIT for_sale/views/lista/list_medicamentos.html: 24
[2018-05-29 15:55:00] EDIT for_sale/views/lista/list_medicamentos.html: 0
[2018-05-29 15:55:36] EDIT for_sale/views/lista/list_medicamentos.html: 0
[2018-05-29 15:55:52] EDIT for_sale/views/lista/list_medicamentos.html: 0
[2018-05-29 16:01:17] EDIT for_sale/views/lista/list_medicamentos.html: -24
[2018-05-29 16:08:22] EDIT for_sale/views/lista/list_medicamentos.html: 0
[2018-05-29 16:09:19] EDIT for_sale/views/lista/list_medicamentos.html: 0
[2018-05-29 16:09:57] EDIT for_sale/views/lista/list_medicamentos.html: 0
[2018-05-29 16:10:27] EDIT for_sale/views/lista/list_medicamentos.html: -2
[2018-05-29 16:10:44] EDIT for_sale/views/lista/list_medicamentos.html: 0
[2018-05-29 16:11:03] EDIT for_sale/views/lista/list_medicamentos.html: 0
